Determining if the pthread_create exist failed with the following output:
Change Dir: /home/thetrippleh/Dokumente/Grive/Uni/git/buw_programmiersprachen/programmiersprachen-aufgabenblatt-2/build/CMakeFiles/CMakeTmp

Run Build Command:"/usr/bin/make" "cmTC_099ba/fast"
/usr/bin/make -f CMakeFiles/cmTC_099ba.dir/build.make CMakeFiles/cmTC_099ba.dir/build
make[1]: Verzeichnis „/home/thetrippleh/Dokumente/Grive/Uni/git/buw_programmiersprachen/programmiersprachen-aufgabenblatt-2/build/CMakeFiles/CMakeTmp“ wird betreten
Building C object CMakeFiles/cmTC_099ba.dir/CheckSymbolExists.c.o
/usr/bin/cc     -o CMakeFiles/cmTC_099ba.dir/CheckSymbolExists.c.o   -c /home/thetrippleh/Dokumente/Grive/Uni/git/buw_programmiersprachen/programmiersprachen-aufgabenblatt-2/build/CMakeFiles/CMakeTmp/CheckSymbolExists.c
Linking C executable cmTC_099ba
/usr/bin/cmake -E cmake_link_script CMakeFiles/cmTC_099ba.dir/link.txt --verbose=1
/usr/bin/cc       CMakeFiles/cmTC_099ba.dir/CheckSymbolExists.c.o  -o cmTC_099ba -rdynamic 
CMakeFiles/cmTC_099ba.dir/CheckSymbolExists.c.o: In Funktion `main':
CheckSymbolExists.c:(.text+0x16): Nicht definierter Verweis auf `pthread_create'
collect2: error: ld returned 1 exit status
CMakeFiles/cmTC_099ba.dir/build.make:97: die Regel für Ziel „cmTC_099ba“ scheiterte
make[1]: *** [cmTC_099ba] Fehler 1
make[1]: Verzeichnis „/home/thetrippleh/Dokumente/Grive/Uni/git/buw_programmiersprachen/programmiersprachen-aufgabenblatt-2/build/CMakeFiles/CMakeTmp“ wird verlassen
Makefile:126: die Regel für Ziel „cmTC_099ba/fast“ scheiterte
make: *** [cmTC_099ba/fast] Fehler 2

File /home/thetrippleh/Dokumente/Grive/Uni/git/buw_programmiersprachen/programmiersprachen-aufgabenblatt-2/build/CMakeFiles/CMakeTmp/CheckSymbolExists.c:
/* */
#include <pthread.h>

int main(int argc, char** argv)
{
  (void)argv;
#ifndef pthread_create
  return ((int*)(&pthread_create))[argc];
#else
  (void)argc;
  return 0;
#endif
}

Determining if the function pthread_create exists in the pthreads failed with the following output:
Change Dir: /home/thetrippleh/Dokumente/Grive/Uni/git/buw_programmiersprachen/programmiersprachen-aufgabenblatt-2/build/CMakeFiles/CMakeTmp

Run Build Command:"/usr/bin/make" "cmTC_24713/fast"
/usr/bin/make -f CMakeFiles/cmTC_24713.dir/build.make CMakeFiles/cmTC_24713.dir/build
make[1]: Verzeichnis „/home/thetrippleh/Dokumente/Grive/Uni/git/buw_programmiersprachen/programmiersprachen-aufgabenblatt-2/build/CMakeFiles/CMakeTmp“ wird betreten
Building C object CMakeFiles/cmTC_24713.dir/CheckFunctionExists.c.o
/usr/bin/cc    -DCHECK_FUNCTION_EXISTS=pthread_create   -o CMakeFiles/cmTC_24713.dir/CheckFunctionExists.c.o   -c /usr/share/cmake-3.5/Modules/CheckFunctionExists.c
Linking C executable cmTC_24713
/usr/bin/cmake -E cmake_link_script CMakeFiles/cmTC_24713.dir/link.txt --verbose=1
/usr/bin/cc   -DCHECK_FUNCTION_EXISTS=pthread_create    CMakeFiles/cmTC_24713.dir/CheckFunctionExists.c.o  -o cmTC_24713 -rdynamic -lpthreads 
/usr/bin/ld: cannot find -lpthreads
collect2: error: ld returned 1 exit status
CMakeFiles/cmTC_24713.dir/build.make:97: die Regel für Ziel „cmTC_24713“ scheiterte
make[1]: *** [cmTC_24713] Fehler 1
make[1]: Verzeichnis „/home/thetrippleh/Dokumente/Grive/Uni/git/buw_programmiersprachen/programmiersprachen-aufgabenblatt-2/build/CMakeFiles/CMakeTmp“ wird verlassen
Makefile:126: die Regel für Ziel „cmTC_24713/fast“ scheiterte
make: *** [cmTC_24713/fast] Fehler 2


